# JRE version: OpenJDK Runtime Environment Temurin-22.0.2+9 (22.0.2+9) (build 22.0.2+9)
# Java VM: OpenJDK 64-Bit Server VM Temurin-22.0.2+9 (22.0.2+9, mixed mode, tiered, compressed oops, compressed class ptrs, g1 gc, windows-amd64)
GC Precious Log:
 CardTable entry size: 512
 Card Set container configuration: InlinePtr #cards 4 size 8 Array Of Cards #cards 16 size 48 Howl #buckets 8 coarsen threshold 3686 Howl Bitmap #cards 512 size 80 coarsen threshold 460 Card regions per heap region 1 cards per card region 4096
 CPUs: 12 total, 12 available
 Memory: 15711M
 Large Page Support: Disabled
 NUMA Support: Disabled
 Compressed Oops: Enabled (Zero based)
 Heap Region Size: 2M
 Heap Min Capacity: 8M
 Heap Initial Capacity: 246M
 Heap Max Capacity: 3928M
 Pre-touch: Disabled
 Parallel Workers: 10
 Concurrent Workers: 3
 Concurrent Refinement Workers: 10
 Periodic GC: Disabled
Heap:
 garbage-first heap   total reserved 4022272K, committed 63488K, used 29417K [0x000000070a800000, 0x0000000800000000)
  region size 2048K, 2 young (4096K), 1 survivors (2048K)
 Metaspace       used 24207K, committed 24448K, reserved 1114112K
  class space    used 2507K, committed 2624K, reserved 1048576K
GC Heap History (12 events):
Event: 13.433 GC heap before
{Heap before GC invocations=0 (full 0):
 garbage-first heap   total reserved 4022272K, committed 251904K, used 20480K [0x000000070a800000, 0x0000000800000000)
  region size 2048K, 11 young (22528K), 0 survivors (0K)
 Metaspace       used 21314K, committed 21504K, reserved 1114112K
  class space    used 2129K, committed 2240K, reserved 1048576K
}
Event: 13.445 GC heap after
{Heap after GC invocations=1 (full 0):
 garbage-first heap   total reserved 4022272K, committed 251904K, used 5195K [0x000000070a800000, 0x0000000800000000)
  region size 2048K, 2 young (4096K), 2 survivors (4096K)
 Metaspace       used 21314K, committed 21504K, reserved 1114112K
  class space    used 2129K, committed 2240K, reserved 1048576K
}
Event: 2155.153 GC heap before
{Heap before GC invocations=2 (full 0):
 garbage-first heap   total reserved 4022272K, committed 24576K, used 23627K [0x000000070a800000, 0x0000000800000000)
  region size 2048K, 7 young (14336K), 2 survivors (4096K)
 Metaspace       used 23952K, committed 24192K, reserved 1114112K
  class space    used 2505K, committed 2624K, reserved 1048576K
}
Event: 2155.164 GC heap after
{Heap after GC invocations=3 (full 0):
 garbage-first heap   total reserved 4022272K, committed 34816K, used 16184K [0x000000070a800000, 0x0000000800000000)
  region size 2048K, 2 young (4096K), 2 survivors (4096K)
 Metaspace       used 23952K, committed 24192K, reserved 1114112K
  class space    used 2505K, committed 2624K, reserved 1048576K
}
Event: 2214.885 GC heap before
{Heap before GC invocations=3 (full 0):
 garbage-first heap   total reserved 4022272K, committed 59392K, used 55096K [0x000000070a800000, 0x0000000800000000)
  region size 2048K, 5 young (10240K), 2 survivors (4096K)
 Metaspace       used 24107K, committed 24320K, reserved 1114112K
  class space    used 2507K, committed 2624K, reserved 1048576K
}
Event: 2214.889 GC heap after
{Heap after GC invocations=4 (full 0):
 garbage-first heap   total reserved 4022272K, committed 63488K, used 49835K [0x000000070a800000, 0x0000000800000000)
  region size 2048K, 1 young (2048K), 1 survivors (2048K)
 Metaspace       used 24107K, committed 24320K, reserved 1114112K
  class space    used 2507K, committed 2624K, reserved 1048576K
}
Event: 2215.155 GC heap before
{Heap before GC invocations=4 (full 0):
 garbage-first heap   total reserved 4022272K, committed 63488K, used 49835K [0x000000070a800000, 0x0000000800000000)
  region size 2048K, 2 young (4096K), 1 survivors (2048K)
 Metaspace       used 24126K, committed 24384K, reserved 1114112K
  class space    used 2507K, committed 2624K, reserved 1048576K
}
Event: 2215.156 GC heap after
{Heap after GC invocations=5 (full 0):
 garbage-first heap   total reserved 4022272K, committed 63488K, used 21100K [0x000000070a800000, 0x0000000800000000)
  region size 2048K, 1 young (2048K), 1 survivors (2048K)
 Metaspace       used 24126K, committed 24384K, reserved 1114112K
  class space    used 2507K, committed 2624K, reserved 1048576K
}
Event: 2229.512 GC heap before
{Heap before GC invocations=5 (full 0):
 garbage-first heap   total reserved 4022272K, committed 63488K, used 29292K [0x000000070a800000, 0x0000000800000000)
  region size 2048K, 2 young (4096K), 1 survivors (2048K)
 Metaspace       used 24173K, committed 24384K, reserved 1114112K
  class space    used 2507K, committed 2624K, reserved 1048576K
}
Event: 2229.515 GC heap after
{Heap after GC invocations=6 (full 0):
 garbage-first heap   total reserved 4022272K, committed 63488K, used 25319K [0x000000070a800000, 0x0000000800000000)
  region size 2048K, 1 young (2048K), 1 survivors (2048K)
 Metaspace       used 24173K, committed 24384K, reserved 1114112K
  class space    used 2507K, committed 2624K, reserved 1048576K
}
Event: 2230.794 GC heap before
{Heap before GC invocations=6 (full 0):
 garbage-first heap   total reserved 4022272K, committed 63488K, used 29415K [0x000000070a800000, 0x0000000800000000)
  region size 2048K, 2 young (4096K), 1 survivors (2048K)
 Metaspace       used 24194K, committed 24448K, reserved 1114112K
  class space    used 2507K, committed 2624K, reserved 1048576K
}
Event: 2230.796 GC heap after
{Heap after GC invocations=7 (full 0):
 garbage-first heap   total reserved 4022272K, committed 63488K, used 25321K [0x000000070a800000, 0x0000000800000000)
  region size 2048K, 1 young (2048K), 1 survivors (2048K)
 Metaspace       used 24194K, committed 24448K, reserved 1114112K
  class space    used 2507K, committed 2624K, reserved 1048576K
}

